# JRE version: Java(TM) SE Runtime Environment (8.0_144-b01) (build 1.8.0_144-b01)
# Java VM: Java HotSpot(TM) 64-Bit Server VM (25.144-b01 mixed mode windows-amd64 compressed oops)
Heap:
 PSYoungGen      total 57344K, used 36455K [0x0000000780800000, 0x0000000784800000, 0x00000007c0000000)
  eden space 49152K, 74% used [0x0000000780800000,0x0000000782b99c30,0x0000000783800000)
  from space 8192K, 0% used [0x0000000784000000,0x0000000784000000,0x0000000784800000)
  to   space 8192K, 0% used [0x0000000783800000,0x0000000783800000,0x0000000784000000)
 ParOldGen       total 71680K, used 10995K [0x0000000701800000, 0x0000000705e00000, 0x0000000780800000)
  object space 71680K, 15% used [0x0000000701800000,0x00000007022bce38,0x0000000705e00000)
 Metaspace       used 22666K, capacity 22978K, committed 23296K, reserved 1069056K
  class space    used 2925K, capacity 3025K, committed 3072K, reserved 1048576K
GC Heap History (6 events):
Event: 10.809 GC heap before
{Heap before GC invocations=1 (full 0):
 PSYoungGen      total 57344K, used 49152K [0x0000000780800000, 0x0000000784800000, 0x00000007c0000000)
  eden space 49152K, 100% used [0x0000000780800000,0x0000000783800000,0x0000000783800000)
  from space 8192K, 0% used [0x0000000784000000,0x0000000784000000,0x0000000784800000)
  to   space 8192K, 0% used [0x0000000783800000,0x0000000783800000,0x0000000784000000)
 ParOldGen       total 131072K, used 0K [0x0000000701800000, 0x0000000709800000, 0x0000000780800000)
  object space 131072K, 0% used [0x0000000701800000,0x0000000701800000,0x0000000709800000)
 Metaspace       used 20302K, capacity 20588K, committed 20864K, reserved 1067008K
  class space    used 2593K, capacity 2679K, committed 2688K, reserved 1048576K
Event: 10.817 GC heap after
Heap after GC invocations=1 (full 0):
 PSYoungGen      total 57344K, used 8160K [0x0000000780800000, 0x0000000784800000, 0x00000007c0000000)
  eden space 49152K, 0% used [0x0000000780800000,0x0000000780800000,0x0000000783800000)
  from space 8192K, 99% used [0x0000000783800000,0x0000000783ff8368,0x0000000784000000)
  to   space 8192K, 0% used [0x0000000784000000,0x0000000784000000,0x0000000784800000)
 ParOldGen       total 131072K, used 9118K [0x0000000701800000, 0x0000000709800000, 0x0000000780800000)
  object space 131072K, 6% used [0x0000000701800000,0x00000007020e7ad0,0x0000000709800000)
 Metaspace       used 20302K, capacity 20588K, committed 20864K, reserved 1067008K
  class space    used 2593K, capacity 2679K, committed 2688K, reserved 1048576K
}
Event: 12.154 GC heap before
{Heap before GC invocations=2 (full 0):
 PSYoungGen      total 57344K, used 15357K [0x0000000780800000, 0x0000000784800000, 0x00000007c0000000)
  eden space 49152K, 14% used [0x0000000780800000,0x0000000780f070c0,0x0000000783800000)
  from space 8192K, 99% used [0x0000000783800000,0x0000000783ff8368,0x0000000784000000)
  to   space 8192K, 0% used [0x0000000784000000,0x0000000784000000,0x0000000784800000)
 ParOldGen       total 131072K, used 9118K [0x0000000701800000, 0x0000000709800000, 0x0000000780800000)
  object space 131072K, 6% used [0x0000000701800000,0x00000007020e7ad0,0x0000000709800000)
 Metaspace       used 20846K, capacity 21144K, committed 21248K, reserved 1067008K
  class space    used 2687K, capacity 2778K, committed 2816K, reserved 1048576K
Event: 12.160 GC heap after
Heap after GC invocations=2 (full 0):
 PSYoungGen      total 57344K, used 6969K [0x0000000780800000, 0x0000000784800000, 0x00000007c0000000)
  eden space 49152K, 0% used [0x0000000780800000,0x0000000780800000,0x0000000783800000)
  from space 8192K, 85% used [0x0000000784000000,0x00000007846ce5c8,0x0000000784800000)
  to   space 8192K, 0% used [0x0000000783800000,0x0000000783800000,0x0000000784000000)
 ParOldGen       total 131072K, used 9126K [0x0000000701800000, 0x0000000709800000, 0x0000000780800000)
  object space 131072K, 6% used [0x0000000701800000,0x00000007020e9ad0,0x0000000709800000)
 Metaspace       used 20846K, capacity 21144K, committed 21248K, reserved 1067008K
  class space    used 2687K, capacity 2778K, committed 2816K, reserved 1048576K
}
Event: 12.160 GC heap before
{Heap before GC invocations=3 (full 1):
 PSYoungGen      total 57344K, used 6969K [0x0000000780800000, 0x0000000784800000, 0x00000007c0000000)
  eden space 49152K, 0% used [0x0000000780800000,0x0000000780800000,0x0000000783800000)
  from space 8192K, 85% used [0x0000000784000000,0x00000007846ce5c8,0x0000000784800000)
  to   space 8192K, 0% used [0x0000000783800000,0x0000000783800000,0x0000000784000000)
 ParOldGen       total 131072K, used 9126K [0x0000000701800000, 0x0000000709800000, 0x0000000780800000)
  object space 131072K, 6% used [0x0000000701800000,0x00000007020e9ad0,0x0000000709800000)
 Metaspace       used 20846K, capacity 21144K, committed 21248K, reserved 1067008K
  class space    used 2687K, capacity 2778K, committed 2816K, reserved 1048576K
Event: 12.185 GC heap after
Heap after GC invocations=3 (full 1):
 PSYoungGen      total 57344K, used 0K [0x0000000780800000, 0x0000000784800000, 0x00000007c0000000)
  eden space 49152K, 0% used [0x0000000780800000,0x0000000780800000,0x0000000783800000)
  from space 8192K, 0% used [0x0000000784000000,0x0000000784000000,0x0000000784800000)
  to   space 8192K, 0% used [0x0000000783800000,0x0000000783800000,0x0000000784000000)
 ParOldGen       total 71680K, used 10995K [0x0000000701800000, 0x0000000705e00000, 0x0000000780800000)
  object space 71680K, 15% used [0x0000000701800000,0x00000007022bce38,0x0000000705e00000)
 Metaspace       used 20846K, capacity 21144K, committed 21248K, reserved 1067008K
  class space    used 2687K, capacity 2778K, committed 2816K, reserved 1048576K
}

