# JRE version: Java(TM) SE Runtime Environment (8.0_144-b01) (build 1.8.0_144-b01)
# Java VM: Java HotSpot(TM) 64-Bit Server VM (25.144-b01 mixed mode windows-amd64 compressed oops)
Heap:
 PSYoungGen      total 57344K, used 44414K [0x0000000780800000, 0x0000000784800000, 0x00000007c0000000)
  eden space 49152K, 90% used [0x0000000780800000,0x000000078335f940,0x0000000783800000)
  from space 8192K, 0% used [0x0000000784000000,0x0000000784000000,0x0000000784800000)
  to   space 8192K, 0% used [0x0000000783800000,0x0000000783800000,0x0000000784000000)
 ParOldGen       total 73728K, used 10993K [0x0000000701800000, 0x0000000706000000, 0x0000000780800000)
  object space 73728K, 14% used [0x0000000701800000,0x00000007022bc718,0x0000000706000000)
 Metaspace       used 22702K, capacity 22978K, committed 23296K, reserved 1069056K
  class space    used 2924K, capacity 3025K, committed 3072K, reserved 1048576K
GC Heap History (6 events):
Event: 12.608 GC heap before
{Heap before GC invocations=1 (full 0):
 PSYoungGen      total 57344K, used 49152K [0x0000000780800000, 0x0000000784800000, 0x00000007c0000000)
  eden space 49152K, 100% used [0x0000000780800000,0x0000000783800000,0x0000000783800000)
  from space 8192K, 0% used [0x0000000784000000,0x0000000784000000,0x0000000784800000)
  to   space 8192K, 0% used [0x0000000783800000,0x0000000783800000,0x0000000784000000)
 ParOldGen       total 131072K, used 0K [0x0000000701800000, 0x0000000709800000, 0x0000000780800000)
  object space 131072K, 0% used [0x0000000701800000,0x0000000701800000,0x0000000709800000)
 Metaspace       used 20128K, capacity 20422K, committed 20608K, reserved 1067008K
  class space    used 2568K, capacity 2646K, committed 2688K, reserved 1048576K
Event: 12.617 GC heap after
Heap after GC invocations=1 (full 0):
 PSYoungGen      total 57344K, used 8163K [0x0000000780800000, 0x0000000784800000, 0x00000007c0000000)
  eden space 49152K, 0% used [0x0000000780800000,0x0000000780800000,0x0000000783800000)
  from space 8192K, 99% used [0x0000000783800000,0x0000000783ff8c10,0x0000000784000000)
  to   space 8192K, 0% used [0x0000000784000000,0x0000000784000000,0x0000000784800000)
 ParOldGen       total 131072K, used 12093K [0x0000000701800000, 0x0000000709800000, 0x0000000780800000)
  object space 131072K, 9% used [0x0000000701800000,0x00000007023cf6f0,0x0000000709800000)
 Metaspace       used 20128K, capacity 20422K, committed 20608K, reserved 1067008K
  class space    used 2568K, capacity 2646K, committed 2688K, reserved 1048576K
}
Event: 13.701 GC heap before
{Heap before GC invocations=2 (full 0):
 PSYoungGen      total 57344K, used 16224K [0x0000000780800000, 0x0000000784800000, 0x00000007c0000000)
  eden space 49152K, 16% used [0x0000000780800000,0x0000000780fdf698,0x0000000783800000)
  from space 8192K, 99% used [0x0000000783800000,0x0000000783ff8c10,0x0000000784000000)
  to   space 8192K, 0% used [0x0000000784000000,0x0000000784000000,0x0000000784800000)
 ParOldGen       total 131072K, used 12093K [0x0000000701800000, 0x0000000709800000, 0x0000000780800000)
  object space 131072K, 9% used [0x0000000701800000,0x00000007023cf6f0,0x0000000709800000)
 Metaspace       used 20883K, capacity 21144K, committed 21248K, reserved 1067008K
  class space    used 2689K, capacity 2778K, committed 2816K, reserved 1048576K
Event: 13.710 GC heap after
Heap after GC invocations=2 (full 0):
 PSYoungGen      total 57344K, used 8184K [0x0000000780800000, 0x0000000784800000, 0x00000007c0000000)
  eden space 49152K, 0% used [0x0000000780800000,0x0000000780800000,0x0000000783800000)
  from space 8192K, 99% used [0x0000000784000000,0x00000007847fe0d8,0x0000000784800000)
  to   space 8192K, 0% used [0x0000000783800000,0x0000000783800000,0x0000000784000000)
 ParOldGen       total 131072K, used 18253K [0x0000000701800000, 0x0000000709800000, 0x0000000780800000)
  object space 131072K, 13% used [0x0000000701800000,0x00000007029d3638,0x0000000709800000)
 Metaspace       used 20883K, capacity 21144K, committed 21248K, reserved 1067008K
  class space    used 2689K, capacity 2778K, committed 2816K, reserved 1048576K
}
Event: 13.710 GC heap before
{Heap before GC invocations=3 (full 1):
 PSYoungGen      total 57344K, used 8184K [0x0000000780800000, 0x0000000784800000, 0x00000007c0000000)
  eden space 49152K, 0% used [0x0000000780800000,0x0000000780800000,0x0000000783800000)
  from space 8192K, 99% used [0x0000000784000000,0x00000007847fe0d8,0x0000000784800000)
  to   space 8192K, 0% used [0x0000000783800000,0x0000000783800000,0x0000000784000000)
 ParOldGen       total 131072K, used 18253K [0x0000000701800000, 0x0000000709800000, 0x0000000780800000)
  object space 131072K, 13% used [0x0000000701800000,0x00000007029d3638,0x0000000709800000)
 Metaspace       used 20883K, capacity 21144K, committed 21248K, reserved 1067008K
  class space    used 2689K, capacity 2778K, committed 2816K, reserved 1048576K
Event: 13.744 GC heap after
Heap after GC invocations=3 (full 1):
 PSYoungGen      total 57344K, used 0K [0x0000000780800000, 0x0000000784800000, 0x00000007c0000000)
  eden space 49152K, 0% used [0x0000000780800000,0x0000000780800000,0x0000000783800000)
  from space 8192K, 0% used [0x0000000784000000,0x0000000784000000,0x0000000784800000)
  to   space 8192K, 0% used [0x0000000783800000,0x0000000783800000,0x0000000784000000)
 ParOldGen       total 73728K, used 10993K [0x0000000701800000, 0x0000000706000000, 0x0000000780800000)
  object space 73728K, 14% used [0x0000000701800000,0x00000007022bc718,0x0000000706000000)
 Metaspace       used 20883K, capacity 21144K, committed 21248K, reserved 1067008K
  class space    used 2689K, capacity 2778K, committed 2816K, reserved 1048576K
}

